
Showing logs for build [32mcb-kubecd-bdd-nh-1582196331-pr-5cj6n-1[0m stage [32mfrom-build-pack[0m and container [32mstep-credential-initializer-qxdkf[0m
{"level":"warn","ts":1582198087.6321676,"logger":"fallback-logger","caller":"logging/config.go:69","msg":"Fetch GitHub commit ID from kodata failed: \"ref: refs/heads/0.8.0-**-support-backwards-incompats\" is not a valid GitHub commit ID"}
{"level":"info","ts":1582198087.632658,"logger":"fallback-logger","caller":"creds-init/main.go:40","msg":"Credentials initialized."}

Showing logs for build [32mcb-kubecd-bdd-nh-1582196331-pr-5cj6n-1[0m stage [32mfrom-build-pack[0m and container [32mstep-working-dir-initializer-264wf[0m
{"level":"warn","ts":1582198089.1715484,"logger":"fallback-logger","caller":"logging/config.go:69","msg":"Fetch GitHub commit ID from kodata failed: open /var/run/ko/HEAD: no such file or directory"}
{"level":"info","ts":1582198089.173885,"logger":"fallback-logger","caller":"bash/main.go:64","msg":"Successfully executed command \"sh -c mkdir -p /workspace/source\"; output "}

Showing logs for build [32mcb-kubecd-bdd-nh-1582196331-pr-5cj6n-1[0m stage [32mfrom-build-pack[0m and container [32mstep-place-tools[0m

Showing logs for build [32mcb-kubecd-bdd-nh-1582196331-pr-5cj6n-1[0m stage [32mfrom-build-pack[0m and container [32mstep-git-source-cb-kubecd-bdd-nh-1582196331-pr-5cj6n-99j88[0m
{"level":"warn","ts":1582198096.5329735,"logger":"fallback-logger","caller":"logging/config.go:69","msg":"Fetch GitHub commit ID from kodata failed: \"ref: refs/heads/0.8.0-**-support-backwards-incompats\" is not a valid GitHub commit ID"}
{"level":"info","ts":1582198097.6158822,"logger":"fallback-logger","caller":"git/git.go:103","msg":"Successfully cloned https://github.com/cb-kubecd/bdd-nh-1582196331.git @ master in path /workspace/source"}

Showing logs for build [32mcb-kubecd-bdd-nh-1582196331-pr-5cj6n-1[0m stage [32mfrom-build-pack[0m and container [32mstep-git-merge[0m
Using SHAs from PULL_REFS=master:208c8b25edb5d7592b5947706511a68b0ecd3f30,1:f1e22edcd824b110061d9fc2d9a2e87f4cef2045
DEBUG: LC_ALL=C JX_LOG_LEVEL=error git fetch origin --unshallow f1e22edcd824b110061d9fc2d9a2e87f4cef2045: 208c8b25edb5d7592b5947706511a68b0ecd3f30:
DEBUG: ran git fetch --unshallow origin f1e22edcd824b110061d9fc2d9a2e87f4cef2045: 208c8b25edb5d7592b5947706511a68b0ecd3f30: in 
DEBUG: LC_ALL=C JX_LOG_LEVEL=error git branch
DEBUG: LC_ALL=C JX_LOG_LEVEL=error git checkout master
DEBUG: ran git checkout master in 
DEBUG: LC_ALL=C JX_LOG_LEVEL=error git reset --hard 208c8b25edb5d7592b5947706511a68b0ecd3f30
DEBUG: ran git reset --hard 208c8b25edb5d7592b5947706511a68b0ecd3f30 in 
DEBUG: LC_ALL=C JX_LOG_LEVEL=error git clean -fd .
DEBUG: ran clean --force -d . in 
DEBUG: LC_ALL=C JX_LOG_LEVEL=error git merge f1e22edcd824b110061d9fc2d9a2e87f4cef2045
DEBUG: ran git merge f1e22edcd824b110061d9fc2d9a2e87f4cef2045 in 
DEBUG: LC_ALL=C JX_LOG_LEVEL=error git log --format=%H%x1f%an%x1f%ae%x1f%cn%x1f%ce%x1f%s%n%b%x1e 208c8b25edb5d7592b5947706511a68b0ecd3f30..HEAD
Merged SHA f1e22edcd824b110061d9fc2d9a2e87f4cef2045 with commit message 'My first PR commit' into base branch master

Showing logs for build [32mcb-kubecd-bdd-nh-1582196331-pr-5cj6n-1[0m stage [32mfrom-build-pack[0m and container [32mstep-build-npmrc[0m
Command "credential" is deprecated, it will be removed on Jun 1 2020.  This is replaced by Tekton's mounted secrets
WARNING: failed to find Secret npm-token in namespace **

Showing logs for build [32mcb-kubecd-bdd-nh-1582196331-pr-5cj6n-1[0m stage [32mfrom-build-pack[0m and container [32mstep-build-npm-install[0m
npm notice created a lockfile as package-lock.json. You should commit this file.
npm WARN REPLACE_ME@1.0.0 No repository field.
npm WARN REPLACE_ME@1.0.0 No license field.

up to date in 0.424s
found 0 vulnerabilities


Showing logs for build [32mcb-kubecd-bdd-nh-1582196331-pr-5cj6n-1[0m stage [32mfrom-build-pack[0m and container [32mstep-build-npm-test[0m

> REPLACE_ME@1.0.0 test /workspace/source
> echo "no test specified" && exit 0

no test specified

Showing logs for build [32mcb-kubecd-bdd-nh-1582196331-pr-5cj6n-1[0m stage [32mfrom-build-pack[0m and container [32mstep-build-container-build[0m
[36mINFO[0m[0000] Downloading base image node:9-slim           
ERROR: logging before flag.Parse: E0220 11:28:22.969926      11 metadata.go:142] while reading 'google-dockercfg' metadata: http status code: 404 while fetching url http://metadata.google.internal./computeMetadata/v1/instance/attributes/google-dockercfg
ERROR: logging before flag.Parse: E0220 11:28:22.972551      11 metadata.go:159] while reading 'google-dockercfg-url' metadata: http status code: 404 while fetching url http://metadata.google.internal./computeMetadata/v1/instance/attributes/google-dockercfg-url
2020/02/20 11:28:22 No matching credentials were found, falling back on anonymous
[36mINFO[0m[0001] Error while retrieving image from cache: getting file info: stat /workspace/sha256:0e0175bbe4f8d9d104590d8d2c591017874e30977cb71aaff1cf6fa99479575c: no such file or directory 
[36mINFO[0m[0001] Downloading base image node:9-slim           
2020/02/20 11:28:24 No matching credentials were found, falling back on anonymous
[36mINFO[0m[0002] Executing 0 build triggers                   
[36mINFO[0m[0002] cmd: EXPOSE                                  
[36mINFO[0m[0002] Adding exposed port: 8080/tcp                
[36mINFO[0m[0002] Using files from context: [/workspace/source] 
[36mINFO[0m[0002] Skipping unpacking as no commands require it. 
[36mINFO[0m[0002] Taking snapshot of full filesystem...        
[36mINFO[0m[0002] ENV PORT 8080                                
[36mINFO[0m[0002] No files changed in this command, skipping snapshotting. 
[36mINFO[0m[0002] EXPOSE 8080                                  
[36mINFO[0m[0002] cmd: EXPOSE                                  
[36mINFO[0m[0002] Adding exposed port: 8080/tcp                
[36mINFO[0m[0002] No files changed in this command, skipping snapshotting. 
[36mINFO[0m[0002] WORKDIR /usr/src/app                         
[36mINFO[0m[0002] cmd: workdir                                 
[36mINFO[0m[0002] Changed working directory to /usr/src/app    
[36mINFO[0m[0002] Creating directory /usr/src/app              
[36mINFO[0m[0002] Taking snapshot of files...                  
[36mINFO[0m[0002] Using files from context: [/workspace/source] 
[36mINFO[0m[0002] COPY . .                                     
[36mINFO[0m[0002] Taking snapshot of files...                  
[36mINFO[0m[0002] CMD ["npm", "start"]                         
[36mINFO[0m[0002] No files changed in this command, skipping snapshotting. 
2020/02/20 11:28:25 existing blob: sha256:a88538b9cd05cfa611e43a25582a95ad7879f6fa708b0386a26b71ee62235bb3
2020/02/20 11:28:25 existing blob: sha256:196b8e3c919d5639193ba6c6e54774528942041bbc37606631a2250502985c3c
2020/02/20 11:28:25 existing blob: sha256:5bba3ecb4cd6374a19da45f2a3db0a9c0804984358b3bb4b666c28944016e5ff
2020/02/20 11:28:25 existing blob: sha256:7d083412657baa2dafba8d093034ef26f9ed2c90fb6ed95f76bb55aff03ed429
2020/02/20 11:28:25 existing blob: sha256:e01bd28a434b56ffd2a3fe9aa99b9b69aecca69904843edd30b1ee7150d79904
2020/02/20 11:28:28 pushed blob: sha256:e5a0877a837c2ed808d70ce6c868e16c03523a5848bdb72d6dfa4e8347eb18d9
2020/02/20 11:28:28 pushed blob: sha256:ae7d974c22f7c269719cc5e72df82fd2c27f0ba9b39f54f188fb23d21654f90a
2020/02/20 11:28:28 pushed blob: sha256:c237ab5a6ac981c9761b7384921949fee1b1052963bda8905405be72533f2214
2020/02/20 11:28:30 gcr.io/jenkins-x-bdd3/bdd-nh-1582196331:0.0.0-SNAPSHOT-PR-1-1: digest: sha256:b7434101b77627a0fc75e42812c582848c76a65c08d29b7fa40157e8c5efc2cc size: 1404

Showing logs for build [32mcb-kubecd-bdd-nh-1582196331-pr-5cj6n-1[0m stage [32mfrom-build-pack[0m and container [32mstep-postbuild-post-build[0m
no CVE provider running in the current ** namespace so skip adding image to be analysed

Showing logs for build [32mcb-kubecd-bdd-nh-1582196331-pr-5cj6n-1[0m stage [32mfrom-build-pack[0m and container [32mstep-promote-make-preview[0m
sed -i -e "s/version:.*/version: 0.0.0-SNAPSHOT-PR-1-1/" Chart.yaml
sed -i -e "s/version:.*/version: 0.0.0-SNAPSHOT-PR-1-1/" ../*/Chart.yaml
sed -i -e "s|repository:.*|repository: gcr.io\/jenkins-x-bdd3\/bdd-nh-1582196331|" values.yaml
sed -i -e "s/tag:.*/tag: 0.0.0-SNAPSHOT-PR-1-1/" values.yaml
echo "  version: 0.0.0-SNAPSHOT-PR-1-1" >> requirements.yaml
** step helm build
WARNING: No $CHART_REPOSITORY defined so using the default value of: http://jenkins-x-chartmuseum:8080
Adding missing Helm repo: storage.googleapis.com https://storage.googleapis.com/chartmuseum.jenkins-x.io
WARNING: No secrets found on "helm/repos" due: reading the secret "helm/repos" from vault: no secret "helm/repos" not found in vault
Read credentials for https://storage.googleapis.com/chartmuseum.jenkins-x.io from vault helm/repos
Successfully added Helm repository storage.googleapis.com.
Adding missing Helm repo: jenkins-x-chartmuseum http://jenkins-x-chartmuseum:8080
WARNING: No secrets found on "helm/repos" due: reading the secret "helm/repos" from vault: no secret "helm/repos" not found in vault
Read credentials for http://jenkins-x-chartmuseum:8080 from vault helm/repos
Successfully added Helm repository jenkins-x-chartmuseum.
WARNING: No $CHART_REPOSITORY defined so using the default value of: http://jenkins-x-chartmuseum:8080
Adding missing Helm repo: chartmuseum.jenkins-x.io http://chartmuseum.jenkins-x.io
WARNING: No secrets found on "helm/repos" due: reading the secret "helm/repos" from vault: no secret "helm/repos" not found in vault
Read credentials for http://chartmuseum.jenkins-x.io from vault helm/repos
Successfully added Helm repository chartmuseum.jenkins-x.io.

Showing logs for build [32mcb-kubecd-bdd-nh-1582196331-pr-5cj6n-1[0m stage [32mfrom-build-pack[0m and container [32mstep-promote-jx-preview[0m
Creating a preview
Created environment cb-kubecd-bdd-nh-1582196331-pr-1
Namespace **-cb-kubecd-bdd-nh-1582196331-pr-1 created 
expose:
  Annotations:
    helm.sh/hook: post-install,post-upgrade
    helm.sh/hook-delete-policy: hook-succeeded
  config:
    domain: c**d11.bdd.jenkins-x.rocks
    exposer: Ingress
    http: "true"
preview:
  image:
    repository: gcr.io/jenkins-x-bdd3/bdd-nh-1582196331
    tag: 0.0.0-SNAPSHOT-PR-1-1

Updating PipelineActivities cb-kubecd-bdd-nh-1582196331-pr-1-1 which has status Running
WARNING: preview application http://bdd-nh-1582196331.**-cb-kubecd-bdd-nh-1582196331-pr-1.c**d11.bdd.jenkins-x.rocks not available, error was Get http://bdd-nh-1582196331.**-cb-kubecd-bdd-nh-1582196331-pr-1.c**d11.bdd.jenkins-x.rocks: dial tcp: lookup bdd-nh-1582196331.**-cb-kubecd-bdd-nh-1582196331-pr-1.c**d11.bdd.jenkins-x.rocks on 10.31.240.10:53: no such host, delaying for: 525.193959ms
WARNING: preview application http://bdd-nh-1582196331.**-cb-kubecd-bdd-nh-1582196331-pr-1.c**d11.bdd.jenkins-x.rocks not available, error was Get http://bdd-nh-1582196331.**-cb-kubecd-bdd-nh-1582196331-pr-1.c**d11.bdd.jenkins-x.rocks: dial tcp: lookup bdd-nh-1582196331.**-cb-kubecd-bdd-nh-1582196331-pr-1.c**d11.bdd.jenkins-x.rocks on 10.31.240.10:53: no such host, delaying for: 1.339876499s
WARNING: preview application http://bdd-nh-1582196331.**-cb-kubecd-bdd-nh-1582196331-pr-1.c**d11.bdd.jenkins-x.rocks not available, error was Get http://bdd-nh-1582196331.**-cb-kubecd-bdd-nh-1582196331-pr-1.c**d11.bdd.jenkins-x.rocks: dial tcp: lookup bdd-nh-1582196331.**-cb-kubecd-bdd-nh-1582196331-pr-1.c**d11.bdd.jenkins-x.rocks on 10.31.240.10:53: no such host, delaying for: 1.850874036s
WARNING: preview application http://bdd-nh-1582196331.**-cb-kubecd-bdd-nh-1582196331-pr-1.c**d11.bdd.jenkins-x.rocks not available, error was Get http://bdd-nh-1582196331.**-cb-kubecd-bdd-nh-1582196331-pr-1.c**d11.bdd.jenkins-x.rocks: dial tcp: lookup bdd-nh-1582196331.**-cb-kubecd-bdd-nh-1582196331-pr-1.c**d11.bdd.jenkins-x.rocks on 10.31.240.10:53: no such host, delaying for: 2.933252018s
WARNING: preview application http://bdd-nh-1582196331.**-cb-kubecd-bdd-nh-1582196331-pr-1.c**d11.bdd.jenkins-x.rocks not available, error was Get http://bdd-nh-1582196331.**-cb-kubecd-bdd-nh-1582196331-pr-1.c**d11.bdd.jenkins-x.rocks: dial tcp: lookup bdd-nh-1582196331.**-cb-kubecd-bdd-nh-1582196331-pr-1.c**d11.bdd.jenkins-x.rocks on 10.31.240.10:53: no such host, delaying for: 2.824501689s
WARNING: preview application http://bdd-nh-1582196331.**-cb-kubecd-bdd-nh-1582196331-pr-1.c**d11.bdd.jenkins-x.rocks not available, error was Get http://bdd-nh-1582196331.**-cb-kubecd-bdd-nh-1582196331-pr-1.c**d11.bdd.jenkins-x.rocks: dial tcp: lookup bdd-nh-1582196331.**-cb-kubecd-bdd-nh-1582196331-pr-1.c**d11.bdd.jenkins-x.rocks on 10.31.240.10:53: no such host, delaying for: 10.974447712s
WARNING: preview application http://bdd-nh-1582196331.**-cb-kubecd-bdd-nh-1582196331-pr-1.c**d11.bdd.jenkins-x.rocks not available, error was Get http://bdd-nh-1582196331.**-cb-kubecd-bdd-nh-1582196331-pr-1.c**d11.bdd.jenkins-x.rocks: dial tcp: lookup bdd-nh-1582196331.**-cb-kubecd-bdd-nh-1582196331-pr-1.c**d11.bdd.jenkins-x.rocks on 10.31.240.10:53: no such host, delaying for: 10.256486862s
WARNING: preview application http://bdd-nh-1582196331.**-cb-kubecd-bdd-nh-1582196331-pr-1.c**d11.bdd.jenkins-x.rocks not available, error was Get http://bdd-nh-1582196331.**-cb-kubecd-bdd-nh-1582196331-pr-1.c**d11.bdd.jenkins-x.rocks: dial tcp: lookup bdd-nh-1582196331.**-cb-kubecd-bdd-nh-1582196331-pr-1.c**d11.bdd.jenkins-x.rocks on 10.31.240.10:53: no such host, delaying for: 20.917101179s
WARNING: preview application http://bdd-nh-1582196331.**-cb-kubecd-bdd-nh-1582196331-pr-1.c**d11.bdd.jenkins-x.rocks not available, error was Get http://bdd-nh-1582196331.**-cb-kubecd-bdd-nh-1582196331-pr-1.c**d11.bdd.jenkins-x.rocks: dial tcp: lookup bdd-nh-1582196331.**-cb-kubecd-bdd-nh-1582196331-pr-1.c**d11.bdd.jenkins-x.rocks on 10.31.240.10:53: no such host, delaying for: 13.194462387s
WARNING: preview application http://bdd-nh-1582196331.**-cb-kubecd-bdd-nh-1582196331-pr-1.c**d11.bdd.jenkins-x.rocks not available, error was Get http://bdd-nh-1582196331.**-cb-kubecd-bdd-nh-1582196331-pr-1.c**d11.bdd.jenkins-x.rocks: dial tcp: lookup bdd-nh-1582196331.**-cb-kubecd-bdd-nh-1582196331-pr-1.c**d11.bdd.jenkins-x.rocks on 10.31.240.10:53: no such host, delaying for: 51.254294248s
WARNING: preview application http://bdd-nh-1582196331.**-cb-kubecd-bdd-nh-1582196331-pr-1.c**d11.bdd.jenkins-x.rocks not available, error was Get http://bdd-nh-1582196331.**-cb-kubecd-bdd-nh-1582196331-pr-1.c**d11.bdd.jenkins-x.rocks: dial tcp: lookup bdd-nh-1582196331.**-cb-kubecd-bdd-nh-1582196331-pr-1.c**d11.bdd.jenkins-x.rocks on 10.31.240.10:53: no such host, delaying for: 1m21.006476584s
WARNING: preview application http://bdd-nh-1582196331.**-cb-kubecd-bdd-nh-1582196331-pr-1.c**d11.bdd.jenkins-x.rocks not available, error was Get http://bdd-nh-1582196331.**-cb-kubecd-bdd-nh-1582196331-pr-1.c**d11.bdd.jenkins-x.rocks: dial tcp: lookup bdd-nh-1582196331.**-cb-kubecd-bdd-nh-1582196331-pr-1.c**d11.bdd.jenkins-x.rocks on 10.31.240.10:53: no such host, delaying for: 1m23.985007543s
WARNING: preview application http://bdd-nh-1582196331.**-cb-kubecd-bdd-nh-1582196331-pr-1.c**d11.bdd.jenkins-x.rocks not available, error was Get http://bdd-nh-1582196331.**-cb-kubecd-bdd-nh-1582196331-pr-1.c**d11.bdd.jenkins-x.rocks: dial tcp: lookup bdd-nh-1582196331.**-cb-kubecd-bdd-nh-1582196331-pr-1.c**d11.bdd.jenkins-x.rocks on 10.31.240.10:53: no such host, delaying for: 54.814859278s
Preview application is now available at: http://bdd-nh-1582196331.**-cb-kubecd-bdd-nh-1582196331-pr-1.c**d11.bdd.jenkins-x.rocks
